[15:40:36] [Client thread/INFO]: Setting user: ssherman
[15:40:37] [Client thread/INFO]: LWJGL Version: 2.9.4
[15:40:37] [Client thread/INFO]: Reloading ResourceManager: Default, RLHats.zip
[15:40:37] [Sound Library Loader/INFO]: Starting up SoundSystem...
[15:40:38] [Thread-3/INFO]: Initializing LWJGL OpenAL
[15:40:38] [Thread-3/INFO]: (The LWJGL binding of OpenAL.  For more information, see http://www.lwjgl.org)
[15:40:38] [Thread-3/INFO]: OpenAL initialized.
[15:40:38] [Sound Library Loader/INFO]: Sound engine started
[15:40:38] [Client thread/INFO]: Created: 1024x512 textures-atlas
[15:40:39] [Client thread/INFO]: Narrator library successfully loaded
[15:40:47] [Server thread/INFO]: Starting integrated minecraft server version 1.12.2
[15:40:47] [Server thread/INFO]: Generating keypair
[15:40:47] [Server thread/INFO]: Loaded 488 advancements
[15:40:47] [Server thread/INFO]: Preparing start region for level 0
[15:40:48] [Server thread/INFO]: ssherman[local:E:1c4d437e] logged in with entity id 531 at (30.5, 67.0, 263.5)
[15:40:48] [Server thread/INFO]: ssherman joined the game
[15:40:49] [Server thread/INFO]: Saving and pausing game...
[15:40:49] [Server thread/INFO]: Saving chunks for level 'New World'/overworld
[15:40:49] [Server thread/INFO]: Saving chunks for level 'New World'/the_nether
[15:40:49] [Server thread/INFO]: Saving chunks for level 'New World'/the_end
[15:41:03] [Server thread/INFO]: Saving and pausing game...
[15:41:03] [Server thread/INFO]: Saving chunks for level 'New World'/overworld
[15:41:03] [Server thread/INFO]: Saving chunks for level 'New World'/the_nether
[15:41:03] [Server thread/INFO]: Saving chunks for level 'New World'/the_end
[15:41:06] [Server thread/INFO]: Saving and pausing game...
[15:41:06] [Server thread/INFO]: Saving chunks for level 'New World'/overworld
[15:41:06] [Server thread/INFO]: Saving chunks for level 'New World'/the_nether
[15:41:06] [Server thread/INFO]: Saving chunks for level 'New World'/the_end
[15:41:07] [File IO Thread/INFO]: [STDERR]: java.io.IOException: Stream Closed
[15:41:07] [File IO Thread/INFO]: [STDERR]: 	at java.io.RandomAccessFile.seek0(Native Method)
[15:41:07] [File IO Thread/INFO]: [STDERR]: 	at java.io.RandomAccessFile.seek(RandomAccessFile.java:557)
[15:41:07] [File IO Thread/INFO]: [STDERR]: 	at ayj.a(SourceFile:323)
[15:41:07] [File IO Thread/INFO]: [STDERR]: 	at ayj.a(SourceFile:263)
[15:41:07] [File IO Thread/INFO]: [STDERR]: 	at ayj$a.close(SourceFile:244)
[15:41:07] [File IO Thread/INFO]: [STDERR]: 	at java.util.zip.DeflaterOutputStream.close(DeflaterOutputStream.java:241)
[15:41:07] [File IO Thread/INFO]: [STDERR]: 	at java.io.FilterOutputStream.close(FilterOutputStream.java:159)
[15:41:07] [File IO Thread/INFO]: [STDERR]: 	at java.io.FilterOutputStream.close(FilterOutputStream.java:159)
[15:41:07] [File IO Thread/INFO]: [STDERR]: 	at aye.b(SourceFile:160)
[15:41:07] [File IO Thread/INFO]: [STDERR]: 	at aye.a(SourceFile:145)
[15:41:07] [File IO Thread/INFO]: [STDERR]: 	at bgx.c(SourceFile:37)
[15:41:07] [File IO Thread/INFO]: [STDERR]: 	at bgx.run(SourceFile:30)
[15:41:07] [File IO Thread/INFO]: [STDERR]: 	at java.lang.Thread.run(Thread.java:748)
[15:41:07] [Server thread/INFO]: Stopping server
[15:41:07] [Server thread/INFO]: Saving players
[15:41:07] [Server thread/INFO]: ssherman lost connection: Disconnected
[15:41:07] [Server thread/INFO]: ssherman left the game
[15:41:07] [Server thread/INFO]: Stopping singleplayer server as player logged out
[15:41:07] [Server thread/INFO]: Saving worlds
[15:41:07] [Server thread/INFO]: Saving chunks for level 'New World'/overworld
[15:41:07] [Server thread/INFO]: Saving chunks for level 'New World'/the_nether
[15:41:07] [Server thread/INFO]: Saving chunks for level 'New World'/the_end
[15:42:30] [Client thread/INFO]: Connecting to localhost, 25565
[15:42:32] [Client thread/INFO]: Loaded 7 advancements
[15:43:09] [Client thread/INFO]: Connecting to localhost, 25565
[15:43:10] [Client thread/INFO]: Loaded 7 advancements
[15:43:23] [Client thread/INFO]: Deleting level New World
[15:43:23] [Client thread/INFO]: Attempt 1...
[15:43:26] [Client thread/INFO]: Stopping!
[15:43:26] [Client thread/INFO]: SoundSystem shutting down...
[15:43:26] [Client thread/WARN]: Author: Paul Lamb, www.paulscode.com
